<?xml version="1.0" encoding="UTF-8"?>
<testng-results ignored="0" total="1" passed="1" failed="0" skipped="0">
  <reporter-output>
  </reporter-output>
  <suite started-at="2022-07-12T17:33:29 IST" name="Recon TestAutomation Test Suite" finished-at="2022-07-12T17:34:46 IST" duration-ms="77832">
    <groups>
    </groups>
    <test started-at="2022-07-12T17:33:29 IST" name="Recon Test Cases" finished-at="2022-07-12T17:34:46 IST" duration-ms="77832">
      <class name="qa.com.recon.testing.RulesheetTest">
        <test-method is-config="true" signature="setup()[pri:0, instance:qa.com.recon.testing.RulesheetTest@15f47664]" started-at="2022-07-12T17:33:29 IST" name="setup" finished-at="2022-07-12T17:33:53 IST" duration-ms="24407" status="PASS">
          <reporter-output>
          </reporter-output>
        </test-method> <!-- setup -->
        <test-method signature="CAR()[pri:0, instance:qa.com.recon.testing.RulesheetTest@15f47664]" started-at="2022-07-12T17:33:53 IST" name="CAR" finished-at="2022-07-12T17:34:46 IST" duration-ms="52884" status="PASS">
          <reporter-output>
          </reporter-output>
        </test-method> <!-- CAR -->
        <test-method is-config="true" signature="tearup()[pri:0, instance:qa.com.recon.testing.RulesheetTest@15f47664]" started-at="2022-07-12T17:34:46 IST" name="tearup" finished-at="2022-07-12T17:34:46 IST" duration-ms="486" status="PASS">
          <reporter-output>
          </reporter-output>
        </test-method> <!-- tearup -->
      </class> <!-- qa.com.recon.testing.RulesheetTest -->
    </test> <!-- Recon Test Cases -->
  </suite> <!-- Recon TestAutomation Test Suite -->
</testng-results>
