<?xml version="1.0" encoding="UTF-8"?>
<testsuite xmlns:xsi="http://www.w3.org/2001/XMLSchema-instance" xsi:noNamespaceSchemaLocation="https://maven.apache.org/surefire/maven-surefire-plugin/xsd/surefire-test-report-3.0.xsd" version="3.0" name="TestSuite" time="105.492" tests="1" errors="0" skipped="0" failures="0">
  <properties>
[...]
</properties>
  <testcase name="CAR" classname="qa.com.recon.testing.RulesheetTest" time="52.876">
    <system-out><![CDATA[C:\Users\Administrator\Desktop\Dataset\dataset1\rule sheet.csv is selected.C:\Users\Administrator\Desktop\Dataset\dataset1\rule sheet.csv path to be used
C:\Users\Administrator\Desktop\Dataset\dataset1\GBR Life -  Dataset 1_Shefali.xlsx is selected.C:\Users\Administrator\Desktop\Dataset\dataset1\GBR Life -  Dataset 1_Shefali.xlsx path to be used
C:\Users\Administrator\Desktop\Dataset\dataset1\Mapping sheet.xlsx is selected.C:\Users\Administrator\Desktop\Dataset\dataset1\Mapping sheet.xlsx path to be used
Unread Emails count:124
OTP mail found
Text found : 92635
Message after uploading file is : ×
Success
Rule sheet ingested
number is : 4
dburl is : jdbc:mysql://db-recon.cz2geonfug13.ap-south-1.rds.amazonaws.com:3306/db_ReconDev
driver Loaded
string rule_id is 111
query is : UPDATE `db_ReconDev`.`Rule_Sheet_Master` SET `Status` = '1',`Updated_on`= current_timestamp(), `Updated_by`='3' WHERE (`Rule_Reference` = '111');
string rule_id is 112
query is : UPDATE `db_ReconDev`.`Rule_Sheet_Master` SET `Status` = '1',`Updated_on`= current_timestamp(), `Updated_by`='3' WHERE (`Rule_Reference` = '112');
string rule_id is 113
query is : UPDATE `db_ReconDev`.`Rule_Sheet_Master` SET `Status` = '1',`Updated_on`= current_timestamp(), `Updated_by`='3' WHERE (`Rule_Reference` = '113');
string rule_id is 114
query is : UPDATE `db_ReconDev`.`Rule_Sheet_Master` SET `Status` = '1',`Updated_on`= current_timestamp(), `Updated_by`='3' WHERE (`Rule_Reference` = '114');
now gbr will be ingested
GBR life found.
path of mapping sheet: C:\Users\Administrator\Desktop\Dataset\dataset1\Mapping sheet.xlsx
path of system generated CAR excel : C:\Automation\Recon\downloadedexcel\CAR_2022_07_12_05_34_41.xls
downloaded car row no 11
calculated CAR row no11
If part sheet 2 data : L1, 112,2118.15,2002118.15002118.150000  sheet1 data: L1, 112,2118.15,2002118.15002118.150000
Data matched
If part sheet 2 data : L2, 111,3820,10038200038200000  sheet1 data: L2, 111,3820,10038200038200000
Data matched
If part sheet 2 data : L3, 112,2760,20027600027600000  sheet1 data: L3, 112,2760,20027600027600000
Data matched
If part sheet 2 data : L4, 111,317.2,100317.200317.20000  sheet1 data: L4, 111,317.2,100317.200317.20000
Data matched
If part sheet 2 data : L5, 113,30000,3050030000003000000500500  sheet1 data: L5, 113,30000,3050030000003000000500500
Data matched
If part sheet 2 data : L6, 113,20000,3050020000002000000500500  sheet1 data: L6, 113,20000,3050020000002000000500500
Data matched
If part sheet 2 data : L7, 113,-20000,30500-2000000-20000-00500500  sheet1 data: L7, 113,-20000,30500-2000000-2000000500500
Data matched
If part sheet 2 data : L8, ,0,00000000000  sheet1 data: L8, ,0,00000000000
Data matched
If part sheet 2 data : L9, 112,4844.1,2004844.1004844.10000  sheet1 data: L9, 112,4844.1,2004844.1004844.10000
Data matched
If part sheet 2 data : L10, 112,6254.25,2006254.25006254.250000  sheet1 data: L10, 112,6254.25,2006254.25006254.250000
Data matched
]]></system-out>
    <system-err><![CDATA[Starting ChromeDriver 103.0.5060.53 (a1711811edd74ff1cf2150f36ffa3b0dae40b17f-refs/branch-heads/5060@{#853}) on port 56986
Only local connections are allowed.
Please see https://chromedriver.chromium.org/security-considerations for suggestions on keeping ChromeDriver safe.
ChromeDriver was started successfully.
Jul 12, 2022 5:33:31 PM org.openqa.selenium.remote.ProtocolHandshake createSession
INFO: Detected dialect: W3C
Jul 12, 2022 5:33:32 PM org.openqa.selenium.devtools.CdpVersionFinder findNearestMatch
WARNING: Unable to find an exact match for CDP version 103, so returning the closest version found: a no-op implementation
Jul 12, 2022 5:33:32 PM org.openqa.selenium.devtools.CdpVersionFinder findNearestMatch
INFO: Unable to find CDP implementation matching 103.
Jul 12, 2022 5:33:32 PM org.openqa.selenium.chromium.ChromiumDriver lambda$new$3
WARNING: Unable to find version of CDP to use for . You may need to include a dependency on a specific version of the CDP using something similar to `org.seleniumhq.selenium:selenium-devtools-v86:4.0.0` where the version ("v86") matches the version of the chromium-based browser you're using and the version number of the artifact is the same as Selenium's.
ERROR StatusLogger No log4j2 configuration file found. Using default configuration: logging only errors to the console. Set system property 'org.apache.logging.log4j.simplelog.StatusLogger.level' to TRACE to show Log4j2 internal initialization logging.
]]></system-err>
  </testcase>
</testsuite>