<?xml version="1.0" encoding="UTF-8"?>
<!-- Generated by org.testng.reporters.JUnitXMLReporter -->
<testsuite ignored="4" hostname="DESKTOP-1J94JC8" failures="0" tests="1" name="Default test" time="38.551" errors="0" timestamp="2022-07-21T17:19:46 IST">
  <testcase classname="qa.com.recon.testing.RulesheetTest" name="StartEditPage" time="11.109"/>
  <testcase classname="qa.com.recon.testing.RulesheetTest" name="Sit1_2_3_7_22_23" time="0.0">
    <ignored/>
  </testcase> <!-- Sit1_2_3_7_22_23 -->
  <testcase classname="qa.com.recon.testing.RulesheetTest" name="Sit_8_9_10_16_11" time="0.0">
    <ignored/>
  </testcase> <!-- Sit_8_9_10_16_11 -->
  <testcase classname="qa.com.recon.testing.RulesheetTest" name="Sit_4_13_14" time="0.0">
    <ignored/>
  </testcase> <!-- Sit_4_13_14 -->
  <testcase classname="qa.com.recon.testing.RulesheetTest" name="CAR" time="0.0">
    <ignored/>
  </testcase> <!-- CAR -->
</testsuite> <!-- Default test -->
