<?xml version="1.0" encoding="UTF-8"?>
<testng-results ignored="4" total="5" passed="1" failed="0" skipped="0">
  <reporter-output>
  </reporter-output>
  <suite started-at="2022-07-21T17:19:08 IST" name="Default suite" finished-at="2022-07-21T17:19:46 IST" duration-ms="38551">
    <groups>
    </groups>
    <test started-at="2022-07-21T17:19:08 IST" name="Default test" finished-at="2022-07-21T17:19:46 IST" duration-ms="38551">
      <class name="qa.com.recon.testing.RulesheetTest">
        <test-method is-config="true" signature="setup()[pri:0, instance:qa.com.recon.testing.RulesheetTest@642a7222]" started-at="2022-07-21T17:19:08 IST" name="setup" finished-at="2022-07-21T17:19:35 IST" duration-ms="26864" status="PASS">
          <reporter-output>
          </reporter-output>
        </test-method> <!-- setup -->
        <test-method signature="StartEditPage()[pri:0, instance:qa.com.recon.testing.RulesheetTest@642a7222]" started-at="2022-07-21T17:19:35 IST" name="StartEditPage" finished-at="2022-07-21T17:19:46 IST" duration-ms="11109" status="PASS">
          <reporter-output>
          </reporter-output>
        </test-method> <!-- StartEditPage -->
        <test-method is-config="true" signature="tearup()[pri:0, instance:qa.com.recon.testing.RulesheetTest@642a7222]" started-at="2022-07-21T17:19:46 IST" name="tearup" finished-at="2022-07-21T17:19:46 IST" duration-ms="500" status="PASS">
          <reporter-output>
          </reporter-output>
        </test-method> <!-- tearup -->
      </class> <!-- qa.com.recon.testing.RulesheetTest -->
    </test> <!-- Default test -->
  </suite> <!-- Default suite -->
</testng-results>
